<?xml version="1.0" encoding="UTF-8"?>
<!-- Generated by org.testng.reporters.JUnitReportReporter -->
<testsuite hostname="DESKTOP-L558MLK" failures="0" tests="9" name="tests.web_tests.TVSubscription_Tests" time="15.549" errors="0" timestamp="18 Apr 2023 09:57:51 GMT" skipped="0">
  <testcase classname="tests.web_tests.TVSubscription_Tests" name="checkTheClasses_SubscriptionTests" time="1.207"/>
  <testcase classname="tests.web_tests.TVSubscription_Tests" name="checkTheClasses_SubscriptionTests" time="0.439"/>
  <testcase classname="tests.web_tests.TVSubscription_Tests" name="checkTheClasses_SubscriptionTests" time="5.347"/>
  <testcase classname="tests.web_tests.TVSubscription_Tests" name="checkTheClasses_SubscriptionTests" time="0.470"/>
  <testcase classname="tests.web_tests.TVSubscription_Tests" name="checkTheClasses_SubscriptionTests" time="1.085"/>
  <testcase classname="tests.web_tests.TVSubscription_Tests" name="checkTheClasses_SubscriptionTests" time="1.100"/>
  <testcase classname="tests.web_tests.TVSubscription_Tests" name="checkTheClasses_SubscriptionTests" time="0.959"/>
  <testcase classname="tests.web_tests.TVSubscription_Tests" name="checkTheClasses_SubscriptionTests" time="4.366"/>
  <testcase classname="tests.web_tests.TVSubscription_Tests" name="checkTheClasses_SubscriptionTests" time="0.576"/>
</testsuite> <!-- tests.web_tests.TVSubscription_Tests -->
